Reachable types computed on: Tue Aug 05 11:22:29 EDT 2008
com.extjs.gxt.samples.explorer.client.model.FileModel
   Serialization status
      Instantiable
   Path
      'com.extjs.gxt.samples.explorer.client.model.FileModel' is reachable from type argument 0 of type 'java.util.List<E>'
      Started from 'java.util.List<com.extjs.gxt.samples.explorer.client.model.FileModel>'

com.extjs.gxt.samples.explorer.client.model.FolderModel
   Serialization status
      Instantiable
   Path
      'com.extjs.gxt.samples.explorer.client.model.FolderModel' is reachable as a subtype of type 'class com.extjs.gxt.samples.explorer.client.model.FileModel'
      'com.extjs.gxt.samples.explorer.client.model.FileModel' is reachable from type argument 0 of type 'java.util.List<E>'
      Started from 'java.util.List<com.extjs.gxt.samples.explorer.client.model.FileModel>'

com.extjs.gxt.ui.client.data.BaseModelData
   Serialization status
      Field serializable
   Path
      'com.extjs.gxt.samples.explorer.client.model.FileModel' is reachable from type argument 0 of type 'java.util.List<E>'
      Started from 'java.util.List<com.extjs.gxt.samples.explorer.client.model.FileModel>'

com.extjs.gxt.ui.client.data.RpcMap
   Serialization status
      Instantiable
   Path
      'com.extjs.gxt.ui.client.data.RpcMap' is reachable from field 'map' of type 'com.extjs.gxt.ui.client.data.BaseModelData'
      'com.extjs.gxt.samples.explorer.client.model.FileModel' is reachable from type argument 0 of type 'java.util.List<E>'
      Started from 'java.util.List<com.extjs.gxt.samples.explorer.client.model.FileModel>'

com.google.gwt.i18n.client.impl.ConstantMap
   Serialization status
      Not serializable
   Path
      'com.google.gwt.i18n.client.impl.ConstantMap' is reachable as a subtype of type 'interface java.util.Map<java.lang.String, java.lang.String>'
      'java.util.Map<java.lang.String, java.lang.String>' is reachable from field '_map' of type 'com.extjs.gxt.ui.client.data.RpcMap'
      'com.extjs.gxt.ui.client.data.RpcMap' is reachable from field 'map' of type 'com.extjs.gxt.ui.client.data.BaseModelData'
      'com.extjs.gxt.samples.explorer.client.model.FileModel' is reachable from type argument 0 of type 'java.util.List<E>'
      Started from 'java.util.List<com.extjs.gxt.samples.explorer.client.model.FileModel>'

com.google.gwt.i18n.client.impl.ConstantMap.OrderedConstantSet<java.lang.String>
   Serialization status
      Not serializable
   Path
      'com.google.gwt.i18n.client.impl.ConstantMap.OrderedConstantSet<java.lang.String>' is reachable from field 'values' of type 'com.google.gwt.i18n.client.impl.ConstantMap'
      'com.google.gwt.i18n.client.impl.ConstantMap' is reachable as a subtype of type 'interface java.util.Map<java.lang.String, java.lang.String>'
      'java.util.Map<java.lang.String, java.lang.String>' is reachable from field '_map' of type 'com.extjs.gxt.ui.client.data.RpcMap'
      'com.extjs.gxt.ui.client.data.RpcMap' is reachable from field 'map' of type 'com.extjs.gxt.ui.client.data.BaseModelData'
      'com.extjs.gxt.samples.explorer.client.model.FileModel' is reachable from type argument 0 of type 'java.util.List<E>'
      Started from 'java.util.List<com.extjs.gxt.samples.explorer.client.model.FileModel>'

com.google.gwt.i18n.client.impl.ConstantMap.OrderedConstantSet<T>
   Serialization status
      Not serializable
   Path
      'com.google.gwt.i18n.client.impl.ConstantMap.OrderedConstantSet<T>' is reachable as a subtype of type 'interface java.util.List<java.lang.String>'
      'java.util.List<java.lang.String>' is reachable from field '_list' of type 'com.extjs.gxt.ui.client.data.RpcMap'
      'com.extjs.gxt.ui.client.data.RpcMap' is reachable from field 'map' of type 'com.extjs.gxt.ui.client.data.BaseModelData'
      'com.extjs.gxt.samples.explorer.client.model.FileModel' is reachable from type argument 0 of type 'java.util.List<E>'
      Started from 'java.util.List<com.extjs.gxt.samples.explorer.client.model.FileModel>'

com.google.gwt.i18n.client.impl.ConstantMap.OrderedConstantSet<java.util.Map.Entry<java.lang.String, java.lang.String>>
   Serialization status
      Not serializable
   Path
      'com.google.gwt.i18n.client.impl.ConstantMap.OrderedConstantSet<java.util.Map.Entry<java.lang.String, java.lang.String>>' is reachable from field 'entries' of type 'com.google.gwt.i18n.client.impl.ConstantMap'
      'com.google.gwt.i18n.client.impl.ConstantMap' is reachable as a subtype of type 'interface java.util.Map<java.lang.String, java.lang.String>'
      'java.util.Map<java.lang.String, java.lang.String>' is reachable from field '_map' of type 'com.extjs.gxt.ui.client.data.RpcMap'
      'com.extjs.gxt.ui.client.data.RpcMap' is reachable from field 'map' of type 'com.extjs.gxt.ui.client.data.BaseModelData'
      'com.extjs.gxt.samples.explorer.client.model.FileModel' is reachable from type argument 0 of type 'java.util.List<E>'
      Started from 'java.util.List<com.extjs.gxt.samples.explorer.client.model.FileModel>'

com.google.gwt.i18n.client.impl.DateRecord
   Serialization status
      Instantiable
   Path
      'com.google.gwt.i18n.client.impl.DateRecord' is reachable as a subtype of type 'class java.util.Date'
      'java.util.Date' is reachable from field '_date' of type 'com.extjs.gxt.ui.client.data.RpcMap'
      'com.extjs.gxt.ui.client.data.RpcMap' is reachable from field 'map' of type 'com.extjs.gxt.ui.client.data.BaseModelData'
      'com.extjs.gxt.samples.explorer.client.model.FileModel' is reachable from type argument 0 of type 'java.util.List<E>'
      Started from 'java.util.List<com.extjs.gxt.samples.explorer.client.model.FileModel>'

com.google.gwt.user.client.rpc.IncompatibleRemoteServiceException
   Serialization status
      Instantiable
   Path
      Started from 'com.google.gwt.user.client.rpc.IncompatibleRemoteServiceException'

com.google.gwt.user.client.ui.FastStringMap<T>
   Serialization status
      Not serializable
   Path
      'com.google.gwt.user.client.ui.FastStringMap<T>' is reachable as a subtype of type 'interface java.util.Map<java.lang.String, java.lang.String>'
      'java.util.Map<java.lang.String, java.lang.String>' is reachable from field '_map' of type 'com.extjs.gxt.ui.client.data.RpcMap'
      'com.extjs.gxt.ui.client.data.RpcMap' is reachable from field 'map' of type 'com.extjs.gxt.ui.client.data.BaseModelData'
      'com.extjs.gxt.samples.explorer.client.model.FileModel' is reachable from type argument 0 of type 'java.util.List<E>'
      Started from 'java.util.List<com.extjs.gxt.samples.explorer.client.model.FileModel>'

com.google.gwt.user.client.ui.FastStringMap<T>.1<>
   Serialization status
      Not serializable
   Path
      'com.google.gwt.user.client.ui.FastStringMap<T>.1<>' is reachable as a subtype of type 'interface java.util.Set<java.lang.String>'
      'java.util.Set<java.lang.String>' is reachable from field '_set' of type 'com.extjs.gxt.ui.client.data.RpcMap'
      'com.extjs.gxt.ui.client.data.RpcMap' is reachable from field 'map' of type 'com.extjs.gxt.ui.client.data.BaseModelData'
      'com.extjs.gxt.samples.explorer.client.model.FileModel' is reachable from type argument 0 of type 'java.util.List<E>'
      Started from 'java.util.List<com.extjs.gxt.samples.explorer.client.model.FileModel>'

com.google.gwt.user.client.ui.FastStringMap<T>.2<>
   Serialization status
      Not serializable
   Path
      'com.google.gwt.user.client.ui.FastStringMap<T>.2<>' is reachable as a subtype of type 'interface java.util.Set<java.lang.String>'
      'java.util.Set<java.lang.String>' is reachable from field '_set' of type 'com.extjs.gxt.ui.client.data.RpcMap'
      'com.extjs.gxt.ui.client.data.RpcMap' is reachable from field 'map' of type 'com.extjs.gxt.ui.client.data.BaseModelData'
      'com.extjs.gxt.samples.explorer.client.model.FileModel' is reachable from type argument 0 of type 'java.util.List<E>'
      Started from 'java.util.List<com.extjs.gxt.samples.explorer.client.model.FileModel>'

com.google.gwt.user.client.ui.FastStringMap<T>.ImplMapEntry<T>
   Serialization status
      Not serializable
   Path
      'com.google.gwt.user.client.ui.FastStringMap<T>.ImplMapEntry<T>' is reachable as a subtype of type 'interface java.util.Map.Entry<java.lang.String, java.lang.String>'
      'java.util.Map.Entry<java.lang.String, java.lang.String>' is reachable from type argument 0 of type 'com.google.gwt.i18n.client.impl.ConstantMap.OrderedConstantSet<T>'
      'com.google.gwt.i18n.client.impl.ConstantMap.OrderedConstantSet<java.util.Map.Entry<java.lang.String, java.lang.String>>' is reachable from field 'entries' of type 'com.google.gwt.i18n.client.impl.ConstantMap'
      'com.google.gwt.i18n.client.impl.ConstantMap' is reachable as a subtype of type 'interface java.util.Map<java.lang.String, java.lang.String>'
      'java.util.Map<java.lang.String, java.lang.String>' is reachable from field '_map' of type 'com.extjs.gxt.ui.client.data.RpcMap'
      'com.extjs.gxt.ui.client.data.RpcMap' is reachable from field 'map' of type 'com.extjs.gxt.ui.client.data.BaseModelData'
      'com.extjs.gxt.samples.explorer.client.model.FileModel' is reachable from type argument 0 of type 'java.util.List<E>'
      Started from 'java.util.List<com.extjs.gxt.samples.explorer.client.model.FileModel>'

java.lang.Boolean
   Serialization status
      Instantiable
   Path
      'java.lang.Boolean' is reachable from field '_boolean' of type 'com.extjs.gxt.ui.client.data.RpcMap'
      'com.extjs.gxt.ui.client.data.RpcMap' is reachable from field 'map' of type 'com.extjs.gxt.ui.client.data.BaseModelData'
      'com.extjs.gxt.samples.explorer.client.model.FileModel' is reachable from type argument 0 of type 'java.util.List<E>'
      Started from 'java.util.List<com.extjs.gxt.samples.explorer.client.model.FileModel>'

java.lang.Boolean[]
   Serialization status
      Instantiable
   Path
      'java.lang.Boolean[]' is reachable from field '_booleans' of type 'com.extjs.gxt.ui.client.data.RpcMap'
      'com.extjs.gxt.ui.client.data.RpcMap' is reachable from field 'map' of type 'com.extjs.gxt.ui.client.data.BaseModelData'
      'com.extjs.gxt.samples.explorer.client.model.FileModel' is reachable from type argument 0 of type 'java.util.List<E>'
      Started from 'java.util.List<com.extjs.gxt.samples.explorer.client.model.FileModel>'

java.lang.Byte
   Serialization status
      Instantiable
   Path
      'java.lang.Byte' is reachable from field '_byte' of type 'com.extjs.gxt.ui.client.data.RpcMap'
      'com.extjs.gxt.ui.client.data.RpcMap' is reachable from field 'map' of type 'com.extjs.gxt.ui.client.data.BaseModelData'
      'com.extjs.gxt.samples.explorer.client.model.FileModel' is reachable from type argument 0 of type 'java.util.List<E>'
      Started from 'java.util.List<com.extjs.gxt.samples.explorer.client.model.FileModel>'

java.lang.Byte[]
   Serialization status
      Instantiable
   Path
      'java.lang.Byte[]' is reachable from field '_bytes' of type 'com.extjs.gxt.ui.client.data.RpcMap'
      'com.extjs.gxt.ui.client.data.RpcMap' is reachable from field 'map' of type 'com.extjs.gxt.ui.client.data.BaseModelData'
      'com.extjs.gxt.samples.explorer.client.model.FileModel' is reachable from type argument 0 of type 'java.util.List<E>'
      Started from 'java.util.List<com.extjs.gxt.samples.explorer.client.model.FileModel>'

java.lang.Double
   Serialization status
      Instantiable
   Path
      'java.lang.Double' is reachable from field '_double' of type 'com.extjs.gxt.ui.client.data.RpcMap'
      'com.extjs.gxt.ui.client.data.RpcMap' is reachable from field 'map' of type 'com.extjs.gxt.ui.client.data.BaseModelData'
      'com.extjs.gxt.samples.explorer.client.model.FileModel' is reachable from type argument 0 of type 'java.util.List<E>'
      Started from 'java.util.List<com.extjs.gxt.samples.explorer.client.model.FileModel>'

java.lang.Double[]
   Serialization status
      Instantiable
   Path
      'java.lang.Double[]' is reachable from field '_doubles' of type 'com.extjs.gxt.ui.client.data.RpcMap'
      'com.extjs.gxt.ui.client.data.RpcMap' is reachable from field 'map' of type 'com.extjs.gxt.ui.client.data.BaseModelData'
      'com.extjs.gxt.samples.explorer.client.model.FileModel' is reachable from type argument 0 of type 'java.util.List<E>'
      Started from 'java.util.List<com.extjs.gxt.samples.explorer.client.model.FileModel>'

java.lang.Exception
   Serialization status
      Field serializable
   Path
      Started from 'com.google.gwt.user.client.rpc.IncompatibleRemoteServiceException'

java.lang.Float
   Serialization status
      Instantiable
   Path
      'java.lang.Float' is reachable from field '_float' of type 'com.extjs.gxt.ui.client.data.RpcMap'
      'com.extjs.gxt.ui.client.data.RpcMap' is reachable from field 'map' of type 'com.extjs.gxt.ui.client.data.BaseModelData'
      'com.extjs.gxt.samples.explorer.client.model.FileModel' is reachable from type argument 0 of type 'java.util.List<E>'
      Started from 'java.util.List<com.extjs.gxt.samples.explorer.client.model.FileModel>'

java.lang.Float[]
   Serialization status
      Instantiable
   Path
      'java.lang.Float[]' is reachable from field '_floats' of type 'com.extjs.gxt.ui.client.data.RpcMap'
      'com.extjs.gxt.ui.client.data.RpcMap' is reachable from field 'map' of type 'com.extjs.gxt.ui.client.data.BaseModelData'
      'com.extjs.gxt.samples.explorer.client.model.FileModel' is reachable from type argument 0 of type 'java.util.List<E>'
      Started from 'java.util.List<com.extjs.gxt.samples.explorer.client.model.FileModel>'

java.lang.Integer
   Serialization status
      Instantiable
   Path
      'java.lang.Integer' is reachable from field '_integer' of type 'com.extjs.gxt.ui.client.data.RpcMap'
      'com.extjs.gxt.ui.client.data.RpcMap' is reachable from field 'map' of type 'com.extjs.gxt.ui.client.data.BaseModelData'
      'com.extjs.gxt.samples.explorer.client.model.FileModel' is reachable from type argument 0 of type 'java.util.List<E>'
      Started from 'java.util.List<com.extjs.gxt.samples.explorer.client.model.FileModel>'

java.lang.Integer[]
   Serialization status
      Instantiable
   Path
      'java.lang.Integer[]' is reachable from field '_integers' of type 'com.extjs.gxt.ui.client.data.RpcMap'
      'com.extjs.gxt.ui.client.data.RpcMap' is reachable from field 'map' of type 'com.extjs.gxt.ui.client.data.BaseModelData'
      'com.extjs.gxt.samples.explorer.client.model.FileModel' is reachable from type argument 0 of type 'java.util.List<E>'
      Started from 'java.util.List<com.extjs.gxt.samples.explorer.client.model.FileModel>'

java.lang.Long
   Serialization status
      Instantiable
   Path
      'java.lang.Long' is reachable from field '_long' of type 'com.extjs.gxt.ui.client.data.RpcMap'
      'com.extjs.gxt.ui.client.data.RpcMap' is reachable from field 'map' of type 'com.extjs.gxt.ui.client.data.BaseModelData'
      'com.extjs.gxt.samples.explorer.client.model.FileModel' is reachable from type argument 0 of type 'java.util.List<E>'
      Started from 'java.util.List<com.extjs.gxt.samples.explorer.client.model.FileModel>'

java.lang.Long[]
   Serialization status
      Instantiable
   Path
      'java.lang.Long[]' is reachable from field '_longs' of type 'com.extjs.gxt.ui.client.data.RpcMap'
      'com.extjs.gxt.ui.client.data.RpcMap' is reachable from field 'map' of type 'com.extjs.gxt.ui.client.data.BaseModelData'
      'com.extjs.gxt.samples.explorer.client.model.FileModel' is reachable from type argument 0 of type 'java.util.List<E>'
      Started from 'java.util.List<com.extjs.gxt.samples.explorer.client.model.FileModel>'

java.lang.Number
   Serialization status
      Field serializable
   Path
      'java.lang.Byte' is reachable from field '_byte' of type 'com.extjs.gxt.ui.client.data.RpcMap'
      'com.extjs.gxt.ui.client.data.RpcMap' is reachable from field 'map' of type 'com.extjs.gxt.ui.client.data.BaseModelData'
      'com.extjs.gxt.samples.explorer.client.model.FileModel' is reachable from type argument 0 of type 'java.util.List<E>'
      Started from 'java.util.List<com.extjs.gxt.samples.explorer.client.model.FileModel>'

java.lang.Object
   Serialization status
      Not serializable
   Path
      Started from 'java.lang.String'

java.lang.RuntimeException
   Serialization status
      Field serializable
   Path
      Started from 'com.google.gwt.user.client.rpc.IncompatibleRemoteServiceException'

java.lang.Short
   Serialization status
      Instantiable
   Path
      'java.lang.Short' is reachable from field '_short' of type 'com.extjs.gxt.ui.client.data.RpcMap'
      'com.extjs.gxt.ui.client.data.RpcMap' is reachable from field 'map' of type 'com.extjs.gxt.ui.client.data.BaseModelData'
      'com.extjs.gxt.samples.explorer.client.model.FileModel' is reachable from type argument 0 of type 'java.util.List<E>'
      Started from 'java.util.List<com.extjs.gxt.samples.explorer.client.model.FileModel>'

java.lang.Short[]
   Serialization status
      Instantiable
   Path
      'java.lang.Short[]' is reachable from field '_shorts' of type 'com.extjs.gxt.ui.client.data.RpcMap'
      'com.extjs.gxt.ui.client.data.RpcMap' is reachable from field 'map' of type 'com.extjs.gxt.ui.client.data.BaseModelData'
      'com.extjs.gxt.samples.explorer.client.model.FileModel' is reachable from type argument 0 of type 'java.util.List<E>'
      Started from 'java.util.List<com.extjs.gxt.samples.explorer.client.model.FileModel>'

java.lang.String
   Serialization status
      Instantiable
   Path
      Started from 'java.lang.String'

java.lang.Throwable
   Serialization status
      Field serializable
   Path
      Started from 'com.google.gwt.user.client.rpc.IncompatibleRemoteServiceException'

java.sql.Date
   Serialization status
      Instantiable
   Path
      'java.sql.Date' is reachable as a subtype of type 'class java.util.Date'
      'java.util.Date' is reachable from field '_date' of type 'com.extjs.gxt.ui.client.data.RpcMap'
      'com.extjs.gxt.ui.client.data.RpcMap' is reachable from field 'map' of type 'com.extjs.gxt.ui.client.data.BaseModelData'
      'com.extjs.gxt.samples.explorer.client.model.FileModel' is reachable from type argument 0 of type 'java.util.List<E>'
      Started from 'java.util.List<com.extjs.gxt.samples.explorer.client.model.FileModel>'

java.sql.Time
   Serialization status
      Instantiable
   Path
      'java.sql.Time' is reachable as a subtype of type 'class java.util.Date'
      'java.util.Date' is reachable from field '_date' of type 'com.extjs.gxt.ui.client.data.RpcMap'
      'com.extjs.gxt.ui.client.data.RpcMap' is reachable from field 'map' of type 'com.extjs.gxt.ui.client.data.BaseModelData'
      'com.extjs.gxt.samples.explorer.client.model.FileModel' is reachable from type argument 0 of type 'java.util.List<E>'
      Started from 'java.util.List<com.extjs.gxt.samples.explorer.client.model.FileModel>'

java.sql.Timestamp
   Serialization status
      Instantiable
   Path
      'java.sql.Timestamp' is reachable as a subtype of type 'class java.util.Date'
      'java.util.Date' is reachable from field '_date' of type 'com.extjs.gxt.ui.client.data.RpcMap'
      'com.extjs.gxt.ui.client.data.RpcMap' is reachable from field 'map' of type 'com.extjs.gxt.ui.client.data.BaseModelData'
      'com.extjs.gxt.samples.explorer.client.model.FileModel' is reachable from type argument 0 of type 'java.util.List<E>'
      Started from 'java.util.List<com.extjs.gxt.samples.explorer.client.model.FileModel>'

java.util.AbstractHashMap<K, V>
   Serialization status
      Not serializable
   Path
      'java.util.LinkedHashMap<K, V>' is reachable as a subtype of type 'interface java.util.Map<java.lang.String, java.lang.String>'
      'java.util.Map<java.lang.String, java.lang.String>' is reachable from field '_map' of type 'com.extjs.gxt.ui.client.data.RpcMap'
      'com.extjs.gxt.ui.client.data.RpcMap' is reachable from field 'map' of type 'com.extjs.gxt.ui.client.data.BaseModelData'
      'com.extjs.gxt.samples.explorer.client.model.FileModel' is reachable from type argument 0 of type 'java.util.List<E>'
      Started from 'java.util.List<com.extjs.gxt.samples.explorer.client.model.FileModel>'

java.util.AbstractHashMap<K, V>
   Serialization status
      Not serializable
   Path
      'java.util.IdentityHashMap<K, V>' is reachable as a subtype of type 'interface java.util.Map<java.lang.String, java.lang.String>'
      'java.util.Map<java.lang.String, java.lang.String>' is reachable from field '_map' of type 'com.extjs.gxt.ui.client.data.RpcMap'
      'com.extjs.gxt.ui.client.data.RpcMap' is reachable from field 'map' of type 'com.extjs.gxt.ui.client.data.BaseModelData'
      'com.extjs.gxt.samples.explorer.client.model.FileModel' is reachable from type argument 0 of type 'java.util.List<E>'
      Started from 'java.util.List<com.extjs.gxt.samples.explorer.client.model.FileModel>'

java.util.AbstractHashMap<K, V>
   Serialization status
      Not serializable
   Path
      'java.util.AbstractHashMap<K, V>' is reachable as a subtype of type 'interface java.util.Map<java.lang.String, java.lang.String>'
      'java.util.Map<java.lang.String, java.lang.String>' is reachable from field '_map' of type 'com.extjs.gxt.ui.client.data.RpcMap'
      'com.extjs.gxt.ui.client.data.RpcMap' is reachable from field 'map' of type 'com.extjs.gxt.ui.client.data.BaseModelData'
      'com.extjs.gxt.samples.explorer.client.model.FileModel' is reachable from type argument 0 of type 'java.util.List<E>'
      Started from 'java.util.List<com.extjs.gxt.samples.explorer.client.model.FileModel>'

java.util.AbstractHashMap<K, V>.EntrySet<>
   Serialization status
      Not serializable
   Path
      'java.util.AbstractHashMap<K, V>.EntrySet<>' is reachable as a subtype of type 'interface java.util.Set<java.lang.String>'
      'java.util.Set<java.lang.String>' is reachable from field '_set' of type 'com.extjs.gxt.ui.client.data.RpcMap'
      'com.extjs.gxt.ui.client.data.RpcMap' is reachable from field 'map' of type 'com.extjs.gxt.ui.client.data.BaseModelData'
      'com.extjs.gxt.samples.explorer.client.model.FileModel' is reachable from type argument 0 of type 'java.util.List<E>'
      Started from 'java.util.List<com.extjs.gxt.samples.explorer.client.model.FileModel>'

java.util.AbstractHashMap<K, V>.MapEntryNull<>
   Serialization status
      Not serializable
   Path
      'java.util.AbstractHashMap<K, V>.MapEntryNull<>' is reachable as a subtype of type 'interface java.util.Map.Entry<java.lang.String, java.lang.String>'
      'java.util.Map.Entry<java.lang.String, java.lang.String>' is reachable from type argument 0 of type 'com.google.gwt.i18n.client.impl.ConstantMap.OrderedConstantSet<T>'
      'com.google.gwt.i18n.client.impl.ConstantMap.OrderedConstantSet<java.util.Map.Entry<java.lang.String, java.lang.String>>' is reachable from field 'entries' of type 'com.google.gwt.i18n.client.impl.ConstantMap'
      'com.google.gwt.i18n.client.impl.ConstantMap' is reachable as a subtype of type 'interface java.util.Map<java.lang.String, java.lang.String>'
      'java.util.Map<java.lang.String, java.lang.String>' is reachable from field '_map' of type 'com.extjs.gxt.ui.client.data.RpcMap'
      'com.extjs.gxt.ui.client.data.RpcMap' is reachable from field 'map' of type 'com.extjs.gxt.ui.client.data.BaseModelData'
      'com.extjs.gxt.samples.explorer.client.model.FileModel' is reachable from type argument 0 of type 'java.util.List<E>'
      Started from 'java.util.List<com.extjs.gxt.samples.explorer.client.model.FileModel>'

java.util.AbstractHashMap<K, V>.MapEntryString<>
   Serialization status
      Not serializable
   Path
      'java.util.AbstractHashMap<K, V>.MapEntryString<>' is reachable as a subtype of type 'interface java.util.Map.Entry<java.lang.String, java.lang.String>'
      'java.util.Map.Entry<java.lang.String, java.lang.String>' is reachable from type argument 0 of type 'com.google.gwt.i18n.client.impl.ConstantMap.OrderedConstantSet<T>'
      'com.google.gwt.i18n.client.impl.ConstantMap.OrderedConstantSet<java.util.Map.Entry<java.lang.String, java.lang.String>>' is reachable from field 'entries' of type 'com.google.gwt.i18n.client.impl.ConstantMap'
      'com.google.gwt.i18n.client.impl.ConstantMap' is reachable as a subtype of type 'interface java.util.Map<java.lang.String, java.lang.String>'
      'java.util.Map<java.lang.String, java.lang.String>' is reachable from field '_map' of type 'com.extjs.gxt.ui.client.data.RpcMap'
      'com.extjs.gxt.ui.client.data.RpcMap' is reachable from field 'map' of type 'com.extjs.gxt.ui.client.data.BaseModelData'
      'com.extjs.gxt.samples.explorer.client.model.FileModel' is reachable from type argument 0 of type 'java.util.List<E>'
      Started from 'java.util.List<com.extjs.gxt.samples.explorer.client.model.FileModel>'

java.util.AbstractList<E>
   Serialization status
      Not serializable
   Path
      'java.util.AbstractList<E>' is reachable as a subtype of type 'interface java.util.List<java.lang.String>'
      'java.util.List<java.lang.String>' is reachable from field '_list' of type 'com.extjs.gxt.ui.client.data.RpcMap'
      'com.extjs.gxt.ui.client.data.RpcMap' is reachable from field 'map' of type 'com.extjs.gxt.ui.client.data.BaseModelData'
      'com.extjs.gxt.samples.explorer.client.model.FileModel' is reachable from type argument 0 of type 'java.util.List<E>'
      Started from 'java.util.List<com.extjs.gxt.samples.explorer.client.model.FileModel>'

java.util.AbstractList<E>
   Serialization status
      Not serializable
   Path
      'java.util.Vector<E>' is reachable as a subtype of type 'interface java.util.List<java.lang.String>'
      'java.util.List<java.lang.String>' is reachable from field '_list' of type 'com.extjs.gxt.ui.client.data.RpcMap'
      'com.extjs.gxt.ui.client.data.RpcMap' is reachable from field 'map' of type 'com.extjs.gxt.ui.client.data.BaseModelData'
      'com.extjs.gxt.samples.explorer.client.model.FileModel' is reachable from type argument 0 of type 'java.util.List<E>'
      Started from 'java.util.List<com.extjs.gxt.samples.explorer.client.model.FileModel>'

java.util.AbstractList<E>
   Serialization status
      Not serializable
   Path
      'java.util.ArrayList<E>' is reachable as a subtype of type 'interface java.util.List<java.lang.String>'
      'java.util.List<java.lang.String>' is reachable from field '_list' of type 'com.extjs.gxt.ui.client.data.RpcMap'
      'com.extjs.gxt.ui.client.data.RpcMap' is reachable from field 'map' of type 'com.extjs.gxt.ui.client.data.BaseModelData'
      'com.extjs.gxt.samples.explorer.client.model.FileModel' is reachable from type argument 0 of type 'java.util.List<E>'
      Started from 'java.util.List<com.extjs.gxt.samples.explorer.client.model.FileModel>'

java.util.AbstractMap<K, V>
   Serialization status
      Not serializable
   Path
      'java.util.AbstractMap<K, V>' is reachable as a subtype of type 'interface java.util.Map<java.lang.String, java.lang.String>'
      'java.util.Map<java.lang.String, java.lang.String>' is reachable from field '_map' of type 'com.extjs.gxt.ui.client.data.RpcMap'
      'com.extjs.gxt.ui.client.data.RpcMap' is reachable from field 'map' of type 'com.extjs.gxt.ui.client.data.BaseModelData'
      'com.extjs.gxt.samples.explorer.client.model.FileModel' is reachable from type argument 0 of type 'java.util.List<E>'
      Started from 'java.util.List<com.extjs.gxt.samples.explorer.client.model.FileModel>'

java.util.AbstractMap<K, V>.1<>
   Serialization status
      Not serializable
   Path
      'java.util.AbstractMap<K, V>.1<>' is reachable as a subtype of type 'interface java.util.Set<java.lang.String>'
      'java.util.Set<java.lang.String>' is reachable from field '_set' of type 'com.extjs.gxt.ui.client.data.RpcMap'
      'com.extjs.gxt.ui.client.data.RpcMap' is reachable from field 'map' of type 'com.extjs.gxt.ui.client.data.BaseModelData'
      'com.extjs.gxt.samples.explorer.client.model.FileModel' is reachable from type argument 0 of type 'java.util.List<E>'
      Started from 'java.util.List<com.extjs.gxt.samples.explorer.client.model.FileModel>'

java.util.AbstractMapEntry<K, V>
   Serialization status
      Not serializable
   Path
      'java.util.AbstractMapEntry<K, V>' is reachable as a subtype of type 'interface java.util.Map.Entry<java.lang.String, java.lang.String>'
      'java.util.Map.Entry<java.lang.String, java.lang.String>' is reachable from type argument 0 of type 'com.google.gwt.i18n.client.impl.ConstantMap.OrderedConstantSet<T>'
      'com.google.gwt.i18n.client.impl.ConstantMap.OrderedConstantSet<java.util.Map.Entry<java.lang.String, java.lang.String>>' is reachable from field 'entries' of type 'com.google.gwt.i18n.client.impl.ConstantMap'
      'com.google.gwt.i18n.client.impl.ConstantMap' is reachable as a subtype of type 'interface java.util.Map<java.lang.String, java.lang.String>'
      'java.util.Map<java.lang.String, java.lang.String>' is reachable from field '_map' of type 'com.extjs.gxt.ui.client.data.RpcMap'
      'com.extjs.gxt.ui.client.data.RpcMap' is reachable from field 'map' of type 'com.extjs.gxt.ui.client.data.BaseModelData'
      'com.extjs.gxt.samples.explorer.client.model.FileModel' is reachable from type argument 0 of type 'java.util.List<E>'
      Started from 'java.util.List<com.extjs.gxt.samples.explorer.client.model.FileModel>'

java.util.AbstractSequentialList<E>
   Serialization status
      Not serializable
   Path
      'java.util.AbstractSequentialList<E>' is reachable as a subtype of type 'interface java.util.List<java.lang.String>'
      'java.util.List<java.lang.String>' is reachable from field '_list' of type 'com.extjs.gxt.ui.client.data.RpcMap'
      'com.extjs.gxt.ui.client.data.RpcMap' is reachable from field 'map' of type 'com.extjs.gxt.ui.client.data.BaseModelData'
      'com.extjs.gxt.samples.explorer.client.model.FileModel' is reachable from type argument 0 of type 'java.util.List<E>'
      Started from 'java.util.List<com.extjs.gxt.samples.explorer.client.model.FileModel>'

java.util.AbstractSequentialList<E>
   Serialization status
      Not serializable
   Path
      'java.util.LinkedList<E>' is reachable as a subtype of type 'interface java.util.List<java.lang.String>'
      'java.util.List<java.lang.String>' is reachable from field '_list' of type 'com.extjs.gxt.ui.client.data.RpcMap'
      'com.extjs.gxt.ui.client.data.RpcMap' is reachable from field 'map' of type 'com.extjs.gxt.ui.client.data.BaseModelData'
      'com.extjs.gxt.samples.explorer.client.model.FileModel' is reachable from type argument 0 of type 'java.util.List<E>'
      Started from 'java.util.List<com.extjs.gxt.samples.explorer.client.model.FileModel>'

java.util.AbstractSet<E>
   Serialization status
      Not serializable
   Path
      'java.util.AbstractSet<E>' is reachable as a subtype of type 'interface java.util.Set<java.lang.String>'
      'java.util.Set<java.lang.String>' is reachable from field '_set' of type 'com.extjs.gxt.ui.client.data.RpcMap'
      'com.extjs.gxt.ui.client.data.RpcMap' is reachable from field 'map' of type 'com.extjs.gxt.ui.client.data.BaseModelData'
      'com.extjs.gxt.samples.explorer.client.model.FileModel' is reachable from type argument 0 of type 'java.util.List<E>'
      Started from 'java.util.List<com.extjs.gxt.samples.explorer.client.model.FileModel>'

java.util.AbstractSet<E>
   Serialization status
      Not serializable
   Path
      'java.util.HashSet<E>' is reachable as a subtype of type 'interface java.util.Set<java.lang.String>'
      'java.util.Set<java.lang.String>' is reachable from field '_set' of type 'com.extjs.gxt.ui.client.data.RpcMap'
      'com.extjs.gxt.ui.client.data.RpcMap' is reachable from field 'map' of type 'com.extjs.gxt.ui.client.data.BaseModelData'
      'com.extjs.gxt.samples.explorer.client.model.FileModel' is reachable from type argument 0 of type 'java.util.List<E>'
      Started from 'java.util.List<com.extjs.gxt.samples.explorer.client.model.FileModel>'

java.util.ArrayList<E>
   Serialization status
      Instantiable
   Path
      'java.util.ArrayList<E>' is reachable as a subtype of type 'interface java.util.List<java.lang.String>'
      'java.util.List<java.lang.String>' is reachable from field '_list' of type 'com.extjs.gxt.ui.client.data.RpcMap'
      'com.extjs.gxt.ui.client.data.RpcMap' is reachable from field 'map' of type 'com.extjs.gxt.ui.client.data.BaseModelData'
      'com.extjs.gxt.samples.explorer.client.model.FileModel' is reachable from type argument 0 of type 'java.util.List<E>'
      Started from 'java.util.List<com.extjs.gxt.samples.explorer.client.model.FileModel>'

java.util.Arrays.ArrayList<E>
   Serialization status
      Instantiable
   Path
      'java.util.Arrays.ArrayList<E>' is reachable as a subtype of type 'interface java.util.List<java.lang.String>'
      'java.util.List<java.lang.String>' is reachable from field '_list' of type 'com.extjs.gxt.ui.client.data.RpcMap'
      'com.extjs.gxt.ui.client.data.RpcMap' is reachable from field 'map' of type 'com.extjs.gxt.ui.client.data.BaseModelData'
      'com.extjs.gxt.samples.explorer.client.model.FileModel' is reachable from type argument 0 of type 'java.util.List<E>'
      Started from 'java.util.List<com.extjs.gxt.samples.explorer.client.model.FileModel>'

java.util.Collections.5<>
   Serialization status
      Not serializable
   Path
      'java.util.Collections.5<>' is reachable as a subtype of type 'interface java.util.List<java.lang.String>'
      'java.util.List<java.lang.String>' is reachable from field '_list' of type 'com.extjs.gxt.ui.client.data.RpcMap'
      'com.extjs.gxt.ui.client.data.RpcMap' is reachable from field 'map' of type 'com.extjs.gxt.ui.client.data.BaseModelData'
      'com.extjs.gxt.samples.explorer.client.model.FileModel' is reachable from type argument 0 of type 'java.util.List<E>'
      Started from 'java.util.List<com.extjs.gxt.samples.explorer.client.model.FileModel>'

java.util.Collections.6<>
   Serialization status
      Not serializable
   Path
      'java.util.Collections.6<>' is reachable as a subtype of type 'interface java.util.Map<java.lang.String, java.lang.String>'
      'java.util.Map<java.lang.String, java.lang.String>' is reachable from field '_map' of type 'com.extjs.gxt.ui.client.data.RpcMap'
      'com.extjs.gxt.ui.client.data.RpcMap' is reachable from field 'map' of type 'com.extjs.gxt.ui.client.data.BaseModelData'
      'com.extjs.gxt.samples.explorer.client.model.FileModel' is reachable from type argument 0 of type 'java.util.List<E>'
      Started from 'java.util.List<com.extjs.gxt.samples.explorer.client.model.FileModel>'

java.util.Collections.7<>
   Serialization status
      Not serializable
   Path
      'java.util.Collections.7<>' is reachable as a subtype of type 'interface java.util.Set<java.lang.String>'
      'java.util.Set<java.lang.String>' is reachable from field '_set' of type 'com.extjs.gxt.ui.client.data.RpcMap'
      'com.extjs.gxt.ui.client.data.RpcMap' is reachable from field 'map' of type 'com.extjs.gxt.ui.client.data.BaseModelData'
      'com.extjs.gxt.samples.explorer.client.model.FileModel' is reachable from type argument 0 of type 'java.util.List<E>'
      Started from 'java.util.List<com.extjs.gxt.samples.explorer.client.model.FileModel>'

java.util.Date
   Serialization status
      Instantiable
   Path
      'java.util.Date' is reachable from field '_date' of type 'com.extjs.gxt.ui.client.data.RpcMap'
      'com.extjs.gxt.ui.client.data.RpcMap' is reachable from field 'map' of type 'com.extjs.gxt.ui.client.data.BaseModelData'
      'com.extjs.gxt.samples.explorer.client.model.FileModel' is reachable from type argument 0 of type 'java.util.List<E>'
      Started from 'java.util.List<com.extjs.gxt.samples.explorer.client.model.FileModel>'

java.util.Date[]
   Serialization status
      Instantiable
   Path
      'java.util.Date[]' is reachable from field '_dates' of type 'com.extjs.gxt.ui.client.data.RpcMap'
      'com.extjs.gxt.ui.client.data.RpcMap' is reachable from field 'map' of type 'com.extjs.gxt.ui.client.data.BaseModelData'
      'com.extjs.gxt.samples.explorer.client.model.FileModel' is reachable from type argument 0 of type 'java.util.List<E>'
      Started from 'java.util.List<com.extjs.gxt.samples.explorer.client.model.FileModel>'

java.util.EnumMap<K, V>
   Serialization status
      Not serializable
   Path
      'java.util.EnumMap<K, V>' is reachable as a subtype of type 'interface java.util.Map<java.lang.String, java.lang.String>'
      'java.util.Map<java.lang.String, java.lang.String>' is reachable from field '_map' of type 'com.extjs.gxt.ui.client.data.RpcMap'
      'com.extjs.gxt.ui.client.data.RpcMap' is reachable from field 'map' of type 'com.extjs.gxt.ui.client.data.BaseModelData'
      'com.extjs.gxt.samples.explorer.client.model.FileModel' is reachable from type argument 0 of type 'java.util.List<E>'
      Started from 'java.util.List<com.extjs.gxt.samples.explorer.client.model.FileModel>'

java.util.EnumMap<K, V>.EntrySet<>
   Serialization status
      Not serializable
   Path
      'java.util.EnumMap<K, V>.EntrySet<>' is reachable as a subtype of type 'interface java.util.Set<java.lang.String>'
      'java.util.Set<java.lang.String>' is reachable from field '_set' of type 'com.extjs.gxt.ui.client.data.RpcMap'
      'com.extjs.gxt.ui.client.data.RpcMap' is reachable from field 'map' of type 'com.extjs.gxt.ui.client.data.BaseModelData'
      'com.extjs.gxt.samples.explorer.client.model.FileModel' is reachable from type argument 0 of type 'java.util.List<E>'
      Started from 'java.util.List<com.extjs.gxt.samples.explorer.client.model.FileModel>'

java.util.EnumMap<K, V>.MapEntry<>
   Serialization status
      Not serializable
   Path
      'java.util.EnumMap<K, V>.MapEntry<>' is reachable as a subtype of type 'interface java.util.Map.Entry<java.lang.String, java.lang.String>'
      'java.util.Map.Entry<java.lang.String, java.lang.String>' is reachable from type argument 0 of type 'com.google.gwt.i18n.client.impl.ConstantMap.OrderedConstantSet<T>'
      'com.google.gwt.i18n.client.impl.ConstantMap.OrderedConstantSet<java.util.Map.Entry<java.lang.String, java.lang.String>>' is reachable from field 'entries' of type 'com.google.gwt.i18n.client.impl.ConstantMap'
      'com.google.gwt.i18n.client.impl.ConstantMap' is reachable as a subtype of type 'interface java.util.Map<java.lang.String, java.lang.String>'
      'java.util.Map<java.lang.String, java.lang.String>' is reachable from field '_map' of type 'com.extjs.gxt.ui.client.data.RpcMap'
      'com.extjs.gxt.ui.client.data.RpcMap' is reachable from field 'map' of type 'com.extjs.gxt.ui.client.data.BaseModelData'
      'com.extjs.gxt.samples.explorer.client.model.FileModel' is reachable from type argument 0 of type 'java.util.List<E>'
      Started from 'java.util.List<com.extjs.gxt.samples.explorer.client.model.FileModel>'

java.util.EnumSet<E>
   Serialization status
      Not serializable
   Path
      'java.util.EnumSet<E>' is reachable as a subtype of type 'interface java.util.Set<java.lang.String>'
      'java.util.Set<java.lang.String>' is reachable from field '_set' of type 'com.extjs.gxt.ui.client.data.RpcMap'
      'com.extjs.gxt.ui.client.data.RpcMap' is reachable from field 'map' of type 'com.extjs.gxt.ui.client.data.BaseModelData'
      'com.extjs.gxt.samples.explorer.client.model.FileModel' is reachable from type argument 0 of type 'java.util.List<E>'
      Started from 'java.util.List<com.extjs.gxt.samples.explorer.client.model.FileModel>'

java.util.EnumSet<E>.EnumSetImpl<E>
   Serialization status
      Not serializable
   Path
      'java.util.EnumSet<E>.EnumSetImpl<E>' is reachable as a subtype of type 'interface java.util.Set<java.lang.String>'
      'java.util.Set<java.lang.String>' is reachable from field '_set' of type 'com.extjs.gxt.ui.client.data.RpcMap'
      'com.extjs.gxt.ui.client.data.RpcMap' is reachable from field 'map' of type 'com.extjs.gxt.ui.client.data.BaseModelData'
      'com.extjs.gxt.samples.explorer.client.model.FileModel' is reachable from type argument 0 of type 'java.util.List<E>'
      Started from 'java.util.List<com.extjs.gxt.samples.explorer.client.model.FileModel>'

java.util.HashMap<K, V>
   Serialization status
      Field serializable
   Path
      'java.util.LinkedHashMap<K, V>' is reachable as a subtype of type 'interface java.util.Map<java.lang.String, java.lang.String>'
      'java.util.Map<java.lang.String, java.lang.String>' is reachable from field '_map' of type 'com.extjs.gxt.ui.client.data.RpcMap'
      'com.extjs.gxt.ui.client.data.RpcMap' is reachable from field 'map' of type 'com.extjs.gxt.ui.client.data.BaseModelData'
      'com.extjs.gxt.samples.explorer.client.model.FileModel' is reachable from type argument 0 of type 'java.util.List<E>'
      Started from 'java.util.List<com.extjs.gxt.samples.explorer.client.model.FileModel>'

java.util.HashMap<K, V>
   Serialization status
      Instantiable
   Path
      'java.util.HashMap<K, V>' is reachable as a subtype of type 'interface java.util.Map<java.lang.String, java.lang.String>'
      'java.util.Map<java.lang.String, java.lang.String>' is reachable from field '_map' of type 'com.extjs.gxt.ui.client.data.RpcMap'
      'com.extjs.gxt.ui.client.data.RpcMap' is reachable from field 'map' of type 'com.extjs.gxt.ui.client.data.BaseModelData'
      'com.extjs.gxt.samples.explorer.client.model.FileModel' is reachable from type argument 0 of type 'java.util.List<E>'
      Started from 'java.util.List<com.extjs.gxt.samples.explorer.client.model.FileModel>'

java.util.HashSet<E>
   Serialization status
      Instantiable
   Path
      'java.util.HashSet<E>' is reachable as a subtype of type 'interface java.util.Set<java.lang.String>'
      'java.util.Set<java.lang.String>' is reachable from field '_set' of type 'com.extjs.gxt.ui.client.data.RpcMap'
      'com.extjs.gxt.ui.client.data.RpcMap' is reachable from field 'map' of type 'com.extjs.gxt.ui.client.data.BaseModelData'
      'com.extjs.gxt.samples.explorer.client.model.FileModel' is reachable from type argument 0 of type 'java.util.List<E>'
      Started from 'java.util.List<com.extjs.gxt.samples.explorer.client.model.FileModel>'

java.util.IdentityHashMap<K, V>
   Serialization status
      Instantiable
   Path
      'java.util.IdentityHashMap<K, V>' is reachable as a subtype of type 'interface java.util.Map<java.lang.String, java.lang.String>'
      'java.util.Map<java.lang.String, java.lang.String>' is reachable from field '_map' of type 'com.extjs.gxt.ui.client.data.RpcMap'
      'com.extjs.gxt.ui.client.data.RpcMap' is reachable from field 'map' of type 'com.extjs.gxt.ui.client.data.BaseModelData'
      'com.extjs.gxt.samples.explorer.client.model.FileModel' is reachable from type argument 0 of type 'java.util.List<E>'
      Started from 'java.util.List<com.extjs.gxt.samples.explorer.client.model.FileModel>'

java.util.LinkedHashMap<K, V>
   Serialization status
      Instantiable
   Path
      'java.util.LinkedHashMap<K, V>' is reachable as a subtype of type 'interface java.util.Map<java.lang.String, java.lang.String>'
      'java.util.Map<java.lang.String, java.lang.String>' is reachable from field '_map' of type 'com.extjs.gxt.ui.client.data.RpcMap'
      'com.extjs.gxt.ui.client.data.RpcMap' is reachable from field 'map' of type 'com.extjs.gxt.ui.client.data.BaseModelData'
      'com.extjs.gxt.samples.explorer.client.model.FileModel' is reachable from type argument 0 of type 'java.util.List<E>'
      Started from 'java.util.List<com.extjs.gxt.samples.explorer.client.model.FileModel>'

java.util.LinkedHashMap<K, V>.ChainEntry<>
   Serialization status
      Not serializable
   Path
      'java.util.LinkedHashMap<K, V>.ChainEntry<>' is reachable as a subtype of type 'interface java.util.Map.Entry<java.lang.String, java.lang.String>'
      'java.util.Map.Entry<java.lang.String, java.lang.String>' is reachable from type argument 0 of type 'com.google.gwt.i18n.client.impl.ConstantMap.OrderedConstantSet<T>'
      'com.google.gwt.i18n.client.impl.ConstantMap.OrderedConstantSet<java.util.Map.Entry<java.lang.String, java.lang.String>>' is reachable from field 'entries' of type 'com.google.gwt.i18n.client.impl.ConstantMap'
      'com.google.gwt.i18n.client.impl.ConstantMap' is reachable as a subtype of type 'interface java.util.Map<java.lang.String, java.lang.String>'
      'java.util.Map<java.lang.String, java.lang.String>' is reachable from field '_map' of type 'com.extjs.gxt.ui.client.data.RpcMap'
      'com.extjs.gxt.ui.client.data.RpcMap' is reachable from field 'map' of type 'com.extjs.gxt.ui.client.data.BaseModelData'
      'com.extjs.gxt.samples.explorer.client.model.FileModel' is reachable from type argument 0 of type 'java.util.List<E>'
      Started from 'java.util.List<com.extjs.gxt.samples.explorer.client.model.FileModel>'

java.util.LinkedHashMap<K, V>.EntrySet<>
   Serialization status
      Not serializable
   Path
      'java.util.LinkedHashMap<K, V>.EntrySet<>' is reachable as a subtype of type 'interface java.util.Set<java.lang.String>'
      'java.util.Set<java.lang.String>' is reachable from field '_set' of type 'com.extjs.gxt.ui.client.data.RpcMap'
      'com.extjs.gxt.ui.client.data.RpcMap' is reachable from field 'map' of type 'com.extjs.gxt.ui.client.data.BaseModelData'
      'com.extjs.gxt.samples.explorer.client.model.FileModel' is reachable from type argument 0 of type 'java.util.List<E>'
      Started from 'java.util.List<com.extjs.gxt.samples.explorer.client.model.FileModel>'

java.util.LinkedHashSet<E>
   Serialization status
      Instantiable
   Path
      'java.util.LinkedHashSet<E>' is reachable as a subtype of type 'interface java.util.Set<java.lang.String>'
      'java.util.Set<java.lang.String>' is reachable from field '_set' of type 'com.extjs.gxt.ui.client.data.RpcMap'
      'com.extjs.gxt.ui.client.data.RpcMap' is reachable from field 'map' of type 'com.extjs.gxt.ui.client.data.BaseModelData'
      'com.extjs.gxt.samples.explorer.client.model.FileModel' is reachable from type argument 0 of type 'java.util.List<E>'
      Started from 'java.util.List<com.extjs.gxt.samples.explorer.client.model.FileModel>'

java.util.LinkedList<E>
   Serialization status
      Instantiable
   Path
      'java.util.LinkedList<E>' is reachable as a subtype of type 'interface java.util.List<java.lang.String>'
      'java.util.List<java.lang.String>' is reachable from field '_list' of type 'com.extjs.gxt.ui.client.data.RpcMap'
      'com.extjs.gxt.ui.client.data.RpcMap' is reachable from field 'map' of type 'com.extjs.gxt.ui.client.data.BaseModelData'
      'com.extjs.gxt.samples.explorer.client.model.FileModel' is reachable from type argument 0 of type 'java.util.List<E>'
      Started from 'java.util.List<com.extjs.gxt.samples.explorer.client.model.FileModel>'

java.util.LinkedList.Node<E>
   Serialization status
      Not serializable
   Path
      'java.util.LinkedList.Node<E>' is reachable from field 'header' of type 'java.util.LinkedList<E>'
      'java.util.LinkedList<E>' is reachable as a subtype of type 'interface java.util.List<java.lang.String>'
      'java.util.List<java.lang.String>' is reachable from field '_list' of type 'com.extjs.gxt.ui.client.data.RpcMap'
      'com.extjs.gxt.ui.client.data.RpcMap' is reachable from field 'map' of type 'com.extjs.gxt.ui.client.data.BaseModelData'
      'com.extjs.gxt.samples.explorer.client.model.FileModel' is reachable from type argument 0 of type 'java.util.List<E>'
      Started from 'java.util.List<com.extjs.gxt.samples.explorer.client.model.FileModel>'

java.util.List<E>
   Serialization status
      Not serializable
   Path
      'java.util.List<E>' is reachable as a subtype of type 'interface java.util.List<java.lang.String>'
      'java.util.List<java.lang.String>' is reachable from field '_list' of type 'com.extjs.gxt.ui.client.data.RpcMap'
      'com.extjs.gxt.ui.client.data.RpcMap' is reachable from field 'map' of type 'com.extjs.gxt.ui.client.data.BaseModelData'
      'com.extjs.gxt.samples.explorer.client.model.FileModel' is reachable from type argument 0 of type 'java.util.List<E>'
      Started from 'java.util.List<com.extjs.gxt.samples.explorer.client.model.FileModel>'

java.util.List<java.lang.String>
   Serialization status
      Not serializable
   Path
      'java.util.List<java.lang.String>' is reachable from field '_list' of type 'com.extjs.gxt.ui.client.data.RpcMap'
      'com.extjs.gxt.ui.client.data.RpcMap' is reachable from field 'map' of type 'com.extjs.gxt.ui.client.data.BaseModelData'
      'com.extjs.gxt.samples.explorer.client.model.FileModel' is reachable from type argument 0 of type 'java.util.List<E>'
      Started from 'java.util.List<com.extjs.gxt.samples.explorer.client.model.FileModel>'

java.util.List<com.extjs.gxt.samples.explorer.client.model.FileModel>
   Serialization status
      Not serializable
   Path
      Started from 'java.util.List<com.extjs.gxt.samples.explorer.client.model.FileModel>'

java.util.Map<java.lang.String, java.lang.String>
   Serialization status
      Not serializable
   Path
      'java.util.Map<java.lang.String, java.lang.String>' is reachable from field '_map' of type 'com.extjs.gxt.ui.client.data.RpcMap'
      'com.extjs.gxt.ui.client.data.RpcMap' is reachable from field 'map' of type 'com.extjs.gxt.ui.client.data.BaseModelData'
      'com.extjs.gxt.samples.explorer.client.model.FileModel' is reachable from type argument 0 of type 'java.util.List<E>'
      Started from 'java.util.List<com.extjs.gxt.samples.explorer.client.model.FileModel>'

java.util.Map<K, V>
   Serialization status
      Not serializable
   Path
      'java.util.Map<K, V>' is reachable as a subtype of type 'interface java.util.Map<java.lang.String, java.lang.String>'
      'java.util.Map<java.lang.String, java.lang.String>' is reachable from field '_map' of type 'com.extjs.gxt.ui.client.data.RpcMap'
      'com.extjs.gxt.ui.client.data.RpcMap' is reachable from field 'map' of type 'com.extjs.gxt.ui.client.data.BaseModelData'
      'com.extjs.gxt.samples.explorer.client.model.FileModel' is reachable from type argument 0 of type 'java.util.List<E>'
      Started from 'java.util.List<com.extjs.gxt.samples.explorer.client.model.FileModel>'

java.util.Map.Entry<java.lang.String, java.lang.String>
   Serialization status
      Not serializable
   Path
      'java.util.Map.Entry<java.lang.String, java.lang.String>' is reachable from type argument 0 of type 'com.google.gwt.i18n.client.impl.ConstantMap.OrderedConstantSet<T>'
      'com.google.gwt.i18n.client.impl.ConstantMap.OrderedConstantSet<java.util.Map.Entry<java.lang.String, java.lang.String>>' is reachable from field 'entries' of type 'com.google.gwt.i18n.client.impl.ConstantMap'
      'com.google.gwt.i18n.client.impl.ConstantMap' is reachable as a subtype of type 'interface java.util.Map<java.lang.String, java.lang.String>'
      'java.util.Map<java.lang.String, java.lang.String>' is reachable from field '_map' of type 'com.extjs.gxt.ui.client.data.RpcMap'
      'com.extjs.gxt.ui.client.data.RpcMap' is reachable from field 'map' of type 'com.extjs.gxt.ui.client.data.BaseModelData'
      'com.extjs.gxt.samples.explorer.client.model.FileModel' is reachable from type argument 0 of type 'java.util.List<E>'
      Started from 'java.util.List<com.extjs.gxt.samples.explorer.client.model.FileModel>'

java.util.Map<K, V>.Entry<K, V>
   Serialization status
      Not serializable
   Path
      'java.util.Map<K, V>.Entry<K, V>' is reachable as a subtype of type 'interface java.util.Map.Entry<java.lang.String, java.lang.String>'
      'java.util.Map.Entry<java.lang.String, java.lang.String>' is reachable from type argument 0 of type 'com.google.gwt.i18n.client.impl.ConstantMap.OrderedConstantSet<T>'
      'com.google.gwt.i18n.client.impl.ConstantMap.OrderedConstantSet<java.util.Map.Entry<java.lang.String, java.lang.String>>' is reachable from field 'entries' of type 'com.google.gwt.i18n.client.impl.ConstantMap'
      'com.google.gwt.i18n.client.impl.ConstantMap' is reachable as a subtype of type 'interface java.util.Map<java.lang.String, java.lang.String>'
      'java.util.Map<java.lang.String, java.lang.String>' is reachable from field '_map' of type 'com.extjs.gxt.ui.client.data.RpcMap'
      'com.extjs.gxt.ui.client.data.RpcMap' is reachable from field 'map' of type 'com.extjs.gxt.ui.client.data.BaseModelData'
      'com.extjs.gxt.samples.explorer.client.model.FileModel' is reachable from type argument 0 of type 'java.util.List<E>'
      Started from 'java.util.List<com.extjs.gxt.samples.explorer.client.model.FileModel>'

java.util.MapEntryImpl<K, V>
   Serialization status
      Not serializable
   Path
      'java.util.MapEntryImpl<K, V>' is reachable as a subtype of type 'interface java.util.Map.Entry<java.lang.String, java.lang.String>'
      'java.util.Map.Entry<java.lang.String, java.lang.String>' is reachable from type argument 0 of type 'com.google.gwt.i18n.client.impl.ConstantMap.OrderedConstantSet<T>'
      'com.google.gwt.i18n.client.impl.ConstantMap.OrderedConstantSet<java.util.Map.Entry<java.lang.String, java.lang.String>>' is reachable from field 'entries' of type 'com.google.gwt.i18n.client.impl.ConstantMap'
      'com.google.gwt.i18n.client.impl.ConstantMap' is reachable as a subtype of type 'interface java.util.Map<java.lang.String, java.lang.String>'
      'java.util.Map<java.lang.String, java.lang.String>' is reachable from field '_map' of type 'com.extjs.gxt.ui.client.data.RpcMap'
      'com.extjs.gxt.ui.client.data.RpcMap' is reachable from field 'map' of type 'com.extjs.gxt.ui.client.data.BaseModelData'
      'com.extjs.gxt.samples.explorer.client.model.FileModel' is reachable from type argument 0 of type 'java.util.List<E>'
      Started from 'java.util.List<com.extjs.gxt.samples.explorer.client.model.FileModel>'

java.util.Set<java.lang.String>
   Serialization status
      Not serializable
   Path
      'java.util.Set<java.lang.String>' is reachable from field '_set' of type 'com.extjs.gxt.ui.client.data.RpcMap'
      'com.extjs.gxt.ui.client.data.RpcMap' is reachable from field 'map' of type 'com.extjs.gxt.ui.client.data.BaseModelData'
      'com.extjs.gxt.samples.explorer.client.model.FileModel' is reachable from type argument 0 of type 'java.util.List<E>'
      Started from 'java.util.List<com.extjs.gxt.samples.explorer.client.model.FileModel>'

java.util.Set<E>
   Serialization status
      Not serializable
   Path
      'java.util.Set<E>' is reachable as a subtype of type 'interface java.util.Set<java.lang.String>'
      'java.util.Set<java.lang.String>' is reachable from field '_set' of type 'com.extjs.gxt.ui.client.data.RpcMap'
      'com.extjs.gxt.ui.client.data.RpcMap' is reachable from field 'map' of type 'com.extjs.gxt.ui.client.data.BaseModelData'
      'com.extjs.gxt.samples.explorer.client.model.FileModel' is reachable from type argument 0 of type 'java.util.List<E>'
      Started from 'java.util.List<com.extjs.gxt.samples.explorer.client.model.FileModel>'

java.util.SortedMap<K, V>
   Serialization status
      Not serializable
   Path
      'java.util.SortedMap<K, V>' is reachable as a subtype of type 'interface java.util.Map<java.lang.String, java.lang.String>'
      'java.util.Map<java.lang.String, java.lang.String>' is reachable from field '_map' of type 'com.extjs.gxt.ui.client.data.RpcMap'
      'com.extjs.gxt.ui.client.data.RpcMap' is reachable from field 'map' of type 'com.extjs.gxt.ui.client.data.BaseModelData'
      'com.extjs.gxt.samples.explorer.client.model.FileModel' is reachable from type argument 0 of type 'java.util.List<E>'
      Started from 'java.util.List<com.extjs.gxt.samples.explorer.client.model.FileModel>'

java.util.SortedSet<E>
   Serialization status
      Not serializable
   Path
      'java.util.SortedSet<E>' is reachable as a subtype of type 'interface java.util.Set<java.lang.String>'
      'java.util.Set<java.lang.String>' is reachable from field '_set' of type 'com.extjs.gxt.ui.client.data.RpcMap'
      'com.extjs.gxt.ui.client.data.RpcMap' is reachable from field 'map' of type 'com.extjs.gxt.ui.client.data.BaseModelData'
      'com.extjs.gxt.samples.explorer.client.model.FileModel' is reachable from type argument 0 of type 'java.util.List<E>'
      Started from 'java.util.List<com.extjs.gxt.samples.explorer.client.model.FileModel>'

java.util.Stack<E>
   Serialization status
      Instantiable
   Path
      'java.util.Stack<E>' is reachable as a subtype of type 'interface java.util.List<java.lang.String>'
      'java.util.List<java.lang.String>' is reachable from field '_list' of type 'com.extjs.gxt.ui.client.data.RpcMap'
      'com.extjs.gxt.ui.client.data.RpcMap' is reachable from field 'map' of type 'com.extjs.gxt.ui.client.data.BaseModelData'
      'com.extjs.gxt.samples.explorer.client.model.FileModel' is reachable from type argument 0 of type 'java.util.List<E>'
      Started from 'java.util.List<com.extjs.gxt.samples.explorer.client.model.FileModel>'

java.util.TreeMap<K, V>
   Serialization status
      Not serializable
   Path
      'java.util.TreeMap<K, V>' is reachable as a subtype of type 'interface java.util.Map<java.lang.String, java.lang.String>'
      'java.util.Map<java.lang.String, java.lang.String>' is reachable from field '_map' of type 'com.extjs.gxt.ui.client.data.RpcMap'
      'com.extjs.gxt.ui.client.data.RpcMap' is reachable from field 'map' of type 'com.extjs.gxt.ui.client.data.BaseModelData'
      'com.extjs.gxt.samples.explorer.client.model.FileModel' is reachable from type argument 0 of type 'java.util.List<E>'
      Started from 'java.util.List<com.extjs.gxt.samples.explorer.client.model.FileModel>'

java.util.TreeMap<K, V>.EntrySet<>
   Serialization status
      Not serializable
   Path
      'java.util.TreeMap<K, V>.EntrySet<>' is reachable as a subtype of type 'interface java.util.Set<java.lang.String>'
      'java.util.Set<java.lang.String>' is reachable from field '_set' of type 'com.extjs.gxt.ui.client.data.RpcMap'
      'com.extjs.gxt.ui.client.data.RpcMap' is reachable from field 'map' of type 'com.extjs.gxt.ui.client.data.BaseModelData'
      'com.extjs.gxt.samples.explorer.client.model.FileModel' is reachable from type argument 0 of type 'java.util.List<E>'
      Started from 'java.util.List<com.extjs.gxt.samples.explorer.client.model.FileModel>'

java.util.TreeMap<K, V>.Node<K, V>
   Serialization status
      Not serializable
   Path
      'java.util.TreeMap<K, V>.Node<K, V>' is reachable as a subtype of type 'interface java.util.Map.Entry<java.lang.String, java.lang.String>'
      'java.util.Map.Entry<java.lang.String, java.lang.String>' is reachable from type argument 0 of type 'com.google.gwt.i18n.client.impl.ConstantMap.OrderedConstantSet<T>'
      'com.google.gwt.i18n.client.impl.ConstantMap.OrderedConstantSet<java.util.Map.Entry<java.lang.String, java.lang.String>>' is reachable from field 'entries' of type 'com.google.gwt.i18n.client.impl.ConstantMap'
      'com.google.gwt.i18n.client.impl.ConstantMap' is reachable as a subtype of type 'interface java.util.Map<java.lang.String, java.lang.String>'
      'java.util.Map<java.lang.String, java.lang.String>' is reachable from field '_map' of type 'com.extjs.gxt.ui.client.data.RpcMap'
      'com.extjs.gxt.ui.client.data.RpcMap' is reachable from field 'map' of type 'com.extjs.gxt.ui.client.data.BaseModelData'
      'com.extjs.gxt.samples.explorer.client.model.FileModel' is reachable from type argument 0 of type 'java.util.List<E>'
      Started from 'java.util.List<com.extjs.gxt.samples.explorer.client.model.FileModel>'

java.util.TreeMap<K, V>.SubMap<>
   Serialization status
      Not serializable
   Path
      'java.util.TreeMap<K, V>.SubMap<>' is reachable as a subtype of type 'interface java.util.Map<java.lang.String, java.lang.String>'
      'java.util.Map<java.lang.String, java.lang.String>' is reachable from field '_map' of type 'com.extjs.gxt.ui.client.data.RpcMap'
      'com.extjs.gxt.ui.client.data.RpcMap' is reachable from field 'map' of type 'com.extjs.gxt.ui.client.data.BaseModelData'
      'com.extjs.gxt.samples.explorer.client.model.FileModel' is reachable from type argument 0 of type 'java.util.List<E>'
      Started from 'java.util.List<com.extjs.gxt.samples.explorer.client.model.FileModel>'

java.util.TreeMap<K, V>.SubMap<>.1<>
   Serialization status
      Not serializable
   Path
      'java.util.TreeMap<K, V>.SubMap<>.1<>' is reachable as a subtype of type 'interface java.util.Set<java.lang.String>'
      'java.util.Set<java.lang.String>' is reachable from field '_set' of type 'com.extjs.gxt.ui.client.data.RpcMap'
      'com.extjs.gxt.ui.client.data.RpcMap' is reachable from field 'map' of type 'com.extjs.gxt.ui.client.data.BaseModelData'
      'com.extjs.gxt.samples.explorer.client.model.FileModel' is reachable from type argument 0 of type 'java.util.List<E>'
      Started from 'java.util.List<com.extjs.gxt.samples.explorer.client.model.FileModel>'

java.util.TreeSet<E>
   Serialization status
      Not serializable
   Path
      'java.util.TreeSet<E>' is reachable as a subtype of type 'interface java.util.Set<java.lang.String>'
      'java.util.Set<java.lang.String>' is reachable from field '_set' of type 'com.extjs.gxt.ui.client.data.RpcMap'
      'com.extjs.gxt.ui.client.data.RpcMap' is reachable from field 'map' of type 'com.extjs.gxt.ui.client.data.BaseModelData'
      'com.extjs.gxt.samples.explorer.client.model.FileModel' is reachable from type argument 0 of type 'java.util.List<E>'
      Started from 'java.util.List<com.extjs.gxt.samples.explorer.client.model.FileModel>'

java.util.Vector<E>
   Serialization status
      Instantiable
   Path
      'java.util.Vector<E>' is reachable as a subtype of type 'interface java.util.List<java.lang.String>'
      'java.util.List<java.lang.String>' is reachable from field '_list' of type 'com.extjs.gxt.ui.client.data.RpcMap'
      'com.extjs.gxt.ui.client.data.RpcMap' is reachable from field 'map' of type 'com.extjs.gxt.ui.client.data.BaseModelData'
      'com.extjs.gxt.samples.explorer.client.model.FileModel' is reachable from type argument 0 of type 'java.util.List<E>'
      Started from 'java.util.List<com.extjs.gxt.samples.explorer.client.model.FileModel>'

